#! /usr/bin/vvp
:ivl_version "11.0 (stable)";
:ivl_delay_selection "TYPICAL";
:vpi_time_precision + 0;
:vpi_module "/usr/lib/aarch64-linux-gnu/ivl/system.vpi";
:vpi_module "/usr/lib/aarch64-linux-gnu/ivl/vhdl_sys.vpi";
:vpi_module "/usr/lib/aarch64-linux-gnu/ivl/vhdl_textio.vpi";
:vpi_module "/usr/lib/aarch64-linux-gnu/ivl/v2005_math.vpi";
:vpi_module "/usr/lib/aarch64-linux-gnu/ivl/va_math.vpi";
S_0x557e90dc50 .scope module, "DFF_AR" "DFF_AR" 2 39;
 .timescale 0 0;
    .port_info 0 /INPUT 1 "clk";
    .port_info 1 /INPUT 1 "rst";
    .port_info 2 /INPUT 1 "in";
    .port_info 3 /OUTPUT 1 "Q";
v0x557e902830_0 .var "Q", 0 0;
o0x7f89c02048 .functor BUFZ 1, C4<z>; HiZ drive
v0x557e936c60_0 .net "clk", 0 0, o0x7f89c02048;  0 drivers
o0x7f89c02078 .functor BUFZ 1, C4<z>; HiZ drive
v0x557e936d20_0 .net "in", 0 0, o0x7f89c02078;  0 drivers
o0x7f89c020a8 .functor BUFZ 1, C4<z>; HiZ drive
v0x557e936dc0_0 .net "rst", 0 0, o0x7f89c020a8;  0 drivers
E_0x557e910250 .event posedge, v0x557e936dc0_0, v0x557e936c60_0;
S_0x557e90dde0 .scope module, "DFF_SR" "DFF_SR" 2 29;
 .timescale 0 0;
    .port_info 0 /INPUT 1 "clk";
    .port_info 1 /INPUT 1 "rst";
    .port_info 2 /INPUT 1 "in";
    .port_info 3 /OUTPUT 1 "Q";
v0x557e936f70_0 .var "Q", 0 0;
o0x7f89c021c8 .functor BUFZ 1, C4<z>; HiZ drive
v0x557e937050_0 .net "clk", 0 0, o0x7f89c021c8;  0 drivers
o0x7f89c021f8 .functor BUFZ 1, C4<z>; HiZ drive
v0x557e937110_0 .net "in", 0 0, o0x7f89c021f8;  0 drivers
o0x7f89c02228 .functor BUFZ 1, C4<z>; HiZ drive
v0x557e9371b0_0 .net "rst", 0 0, o0x7f89c02228;  0 drivers
E_0x557e9100f0 .event posedge, v0x557e937050_0;
S_0x557e910f40 .scope module, "DFF_en" "DFF_en" 2 49;
 .timescale 0 0;
    .port_info 0 /INPUT 1 "clk";
    .port_info 1 /INPUT 1 "rst";
    .port_info 2 /INPUT 1 "en";
    .port_info 3 /INPUT 1 "in";
    .port_info 4 /OUTPUT 1 "Q";
v0x557e937360_0 .var "Q", 0 0;
o0x7f89c02348 .functor BUFZ 1, C4<z>; HiZ drive
v0x557e937440_0 .net "clk", 0 0, o0x7f89c02348;  0 drivers
o0x7f89c02378 .functor BUFZ 1, C4<z>; HiZ drive
v0x557e937500_0 .net "en", 0 0, o0x7f89c02378;  0 drivers
o0x7f89c023a8 .functor BUFZ 1, C4<z>; HiZ drive
v0x557e9375a0_0 .net "in", 0 0, o0x7f89c023a8;  0 drivers
o0x7f89c023d8 .functor BUFZ 1, C4<z>; HiZ drive
v0x557e937660_0 .net "rst", 0 0, o0x7f89c023d8;  0 drivers
E_0x557e8f6000 .event posedge, v0x557e937440_0;
S_0x557e9110d0 .scope module, "DFF_n" "DFF_n" 2 20;
 .timescale 0 0;
    .port_info 0 /INPUT 1 "clk";
    .port_info 1 /INPUT 1 "D";
    .port_info 2 /OUTPUT 1 "Q";
o0x7f89c024f8 .functor BUFZ 1, C4<z>; HiZ drive
v0x557e937850_0 .net "D", 0 0, o0x7f89c024f8;  0 drivers
v0x557e937930_0 .var "Q", 0 0;
o0x7f89c02558 .functor BUFZ 1, C4<z>; HiZ drive
v0x557e9379f0_0 .net "clk", 0 0, o0x7f89c02558;  0 drivers
E_0x557e904560 .event negedge, v0x557e9379f0_0;
S_0x557e90c890 .scope module, "DFF_p" "DFF_p" 2 11;
 .timescale 0 0;
    .port_info 0 /INPUT 1 "clk";
    .port_info 1 /INPUT 1 "D";
    .port_info 2 /OUTPUT 1 "Q";
o0x7f89c02618 .functor BUFZ 1, C4<z>; HiZ drive
v0x557e937b30_0 .net "D", 0 0, o0x7f89c02618;  0 drivers
v0x557e937c10_0 .var "Q", 0 0;
o0x7f89c02678 .functor BUFZ 1, C4<z>; HiZ drive
v0x557e937cd0_0 .net "clk", 0 0, o0x7f89c02678;  0 drivers
E_0x557e904830 .event posedge, v0x557e937cd0_0;
S_0x557e90cac0 .scope module, "D_latch" "D_latch" 2 1;
 .timescale 0 0;
    .port_info 0 /INPUT 1 "en";
    .port_info 1 /INPUT 1 "D";
    .port_info 2 /OUTPUT 1 "Q";
o0x7f89c02738 .functor BUFZ 1, C4<z>; HiZ drive
v0x557e937e40_0 .net "D", 0 0, o0x7f89c02738;  0 drivers
v0x557e937f20_0 .var "Q", 0 0;
o0x7f89c02798 .functor BUFZ 1, C4<z>; HiZ drive
v0x557e937fe0_0 .net "en", 0 0, o0x7f89c02798;  0 drivers
E_0x557e904870 .event edge, v0x557e937f20_0, v0x557e937fe0_0, v0x557e937e40_0;
S_0x557e90b600 .scope module, "downCnt_1" "downCnt_1" 2 102;
 .timescale 0 0;
    .port_info 0 /INPUT 1 "rst";
    .port_info 1 /INPUT 1 "clk";
    .port_info 2 /OUTPUT 3 "out";
o0x7f89c02858 .functor BUFZ 1, C4<z>; HiZ drive
v0x557e938190_0 .net "clk", 0 0, o0x7f89c02858;  0 drivers
v0x557e938270_0 .var "out", 2 0;
o0x7f89c028b8 .functor BUFZ 1, C4<z>; HiZ drive
v0x557e938350_0 .net "rst", 0 0, o0x7f89c028b8;  0 drivers
E_0x557e938130 .event negedge, v0x557e938190_0;
S_0x557e90b7e0 .scope module, "fqDiv2" "fqDiv2" 2 116;
 .timescale 0 0;
    .port_info 0 /INPUT 1 "rst";
    .port_info 1 /INPUT 1 "clk";
    .port_info 2 /OUTPUT 1 "clk_div2";
L_0x557e939c30 .functor NOT 1, v0x557e9385e0_0, C4<0>, C4<0>, C4<0>;
o0x7f89c02978 .functor BUFZ 1, C4<z>; HiZ drive
v0x557e938500_0 .net "clk", 0 0, o0x7f89c02978;  0 drivers
v0x557e9385e0_0 .var "clk_div2", 0 0;
v0x557e9386a0_0 .net "not_clk_div2", 0 0, L_0x557e939c30;  1 drivers
o0x7f89c02a08 .functor BUFZ 1, C4<z>; HiZ drive
v0x557e938770_0 .net "rst", 0 0, o0x7f89c02a08;  0 drivers
E_0x557e9384a0 .event posedge, v0x557e938770_0, v0x557e938500_0;
S_0x557e8d2cf0 .scope module, "fqDiv6" "fqDiv6" 2 128;
 .timescale 0 0;
    .port_info 0 /INPUT 1 "rst";
    .port_info 1 /INPUT 1 "clk";
    .port_info 2 /OUTPUT 1 "clk_div6";
L_0x7f89bb9018 .functor BUFT 1, C4<010>, C4<0>, C4<0>, C4<0>;
v0x557e938910_0 .net/2u *"_ivl_0", 2 0, L_0x7f89bb9018;  1 drivers
o0x7f89c02af8 .functor BUFZ 1, C4<z>; HiZ drive
v0x557e938a10_0 .net "clk", 0 0, o0x7f89c02af8;  0 drivers
v0x557e938ad0_0 .var "clk_div6", 0 0;
v0x557e938ba0_0 .net "en", 0 0, L_0x557e939d30;  1 drivers
v0x557e938c60_0 .var "out", 2 0;
o0x7f89c02bb8 .functor BUFZ 1, C4<z>; HiZ drive
v0x557e938d90_0 .net "rst", 0 0, o0x7f89c02bb8;  0 drivers
E_0x557e9388b0 .event posedge, v0x557e938a10_0;
L_0x557e939d30 .cmp/eq 3, v0x557e938c60_0, L_0x7f89bb9018;
S_0x557e8d2ed0 .scope module, "reg_4bits" "reg_4bits" 2 59;
 .timescale 0 0;
    .port_info 0 /INPUT 1 "clk";
    .port_info 1 /INPUT 1 "rst";
    .port_info 2 /INPUT 1 "en";
    .port_info 3 /INPUT 4 "in";
    .port_info 4 /OUTPUT 4 "out";
o0x7f89c02c78 .functor BUFZ 1, C4<z>; HiZ drive
v0x557e938f30_0 .net "clk", 0 0, o0x7f89c02c78;  0 drivers
o0x7f89c02ca8 .functor BUFZ 1, C4<z>; HiZ drive
v0x557e939010_0 .net "en", 0 0, o0x7f89c02ca8;  0 drivers
o0x7f89c02cd8 .functor BUFZ 4, C4<zzzz>; HiZ drive
v0x557e9390d0_0 .net "in", 3 0, o0x7f89c02cd8;  0 drivers
v0x557e939190_0 .var "out", 3 0;
o0x7f89c02d38 .functor BUFZ 1, C4<z>; HiZ drive
v0x557e939270_0 .net "rst", 0 0, o0x7f89c02d38;  0 drivers
E_0x557e938ed0 .event posedge, v0x557e939270_0, v0x557e938f30_0;
S_0x557e918ca0 .scope module, "upCnt_1" "upCnt_1" 2 70;
 .timescale 0 0;
    .port_info 0 /INPUT 1 "rst";
    .port_info 1 /INPUT 1 "clk";
    .port_info 2 /OUTPUT 3 "out";
o0x7f89c02e58 .functor BUFZ 1, C4<z>; HiZ drive
v0x557e939500_0 .net "clk", 0 0, o0x7f89c02e58;  0 drivers
v0x557e9395e0_0 .var "din", 2 0;
v0x557e9396c0_0 .var "out", 2 0;
o0x7f89c02ee8 .functor BUFZ 1, C4<z>; HiZ drive
v0x557e939780_0 .net "rst", 0 0, o0x7f89c02ee8;  0 drivers
E_0x557e939420 .event edge, v0x557e9396c0_0;
E_0x557e9394a0 .event posedge, v0x557e939500_0;
S_0x557e918e30 .scope module, "upCnt_2" "upCnt_2" 2 88;
 .timescale 0 0;
    .port_info 0 /INPUT 1 "rst";
    .port_info 1 /INPUT 1 "clk";
    .port_info 2 /OUTPUT 3 "out";
o0x7f89c02fa8 .functor BUFZ 1, C4<z>; HiZ drive
v0x557e939920_0 .net "clk", 0 0, o0x7f89c02fa8;  0 drivers
v0x557e939a00_0 .var "out", 2 0;
o0x7f89c03008 .functor BUFZ 1, C4<z>; HiZ drive
v0x557e939ae0_0 .net "rst", 0 0, o0x7f89c03008;  0 drivers
E_0x557e9398c0 .event posedge, v0x557e939920_0;
    .scope S_0x557e90dc50;
T_0 ;
    %wait E_0x557e910250;
    %load/vec4 v0x557e936dc0_0;
    %flag_set/vec4 8;
    %jmp/0xz  T_0.0, 8;
    %pushi/vec4 0, 0, 1;
    %assign/vec4 v0x557e902830_0, 0;
    %jmp T_0.1;
T_0.0 ;
    %load/vec4 v0x557e936d20_0;
    %assign/vec4 v0x557e902830_0, 0;
T_0.1 ;
    %jmp T_0;
    .thread T_0;
    .scope S_0x557e90dde0;
T_1 ;
    %wait E_0x557e9100f0;
    %load/vec4 v0x557e9371b0_0;
    %flag_set/vec4 8;
    %jmp/0xz  T_1.0, 8;
    %pushi/vec4 0, 0, 1;
    %assign/vec4 v0x557e936f70_0, 0;
    %jmp T_1.1;
T_1.0 ;
    %load/vec4 v0x557e937110_0;
    %assign/vec4 v0x557e936f70_0, 0;
T_1.1 ;
    %jmp T_1;
    .thread T_1;
    .scope S_0x557e910f40;
T_2 ;
    %wait E_0x557e8f6000;
    %load/vec4 v0x557e937660_0;
    %flag_set/vec4 8;
    %jmp/0xz  T_2.0, 8;
    %pushi/vec4 0, 0, 1;
    %assign/vec4 v0x557e937360_0, 0;
    %jmp T_2.1;
T_2.0 ;
    %load/vec4 v0x557e937500_0;
    %flag_set/vec4 8;
    %jmp/0xz  T_2.2, 8;
    %load/vec4 v0x557e9375a0_0;
    %assign/vec4 v0x557e937360_0, 0;
T_2.2 ;
T_2.1 ;
    %jmp T_2;
    .thread T_2;
    .scope S_0x557e9110d0;
T_3 ;
    %wait E_0x557e904560;
    %load/vec4 v0x557e937850_0;
    %assign/vec4 v0x557e937930_0, 0;
    %jmp T_3;
    .thread T_3;
    .scope S_0x557e90c890;
T_4 ;
    %wait E_0x557e904830;
    %load/vec4 v0x557e937b30_0;
    %assign/vec4 v0x557e937c10_0, 0;
    %jmp T_4;
    .thread T_4;
    .scope S_0x557e90cac0;
T_5 ;
    %wait E_0x557e904870;
    %load/vec4 v0x557e937fe0_0;
    %flag_set/vec4 8;
    %jmp/0xz  T_5.0, 8;
    %load/vec4 v0x557e937e40_0;
    %store/vec4 v0x557e937f20_0, 0, 1;
    %jmp T_5.1;
T_5.0 ;
    %load/vec4 v0x557e937f20_0;
    %store/vec4 v0x557e937f20_0, 0, 1;
T_5.1 ;
    %jmp T_5;
    .thread T_5, $push;
    .scope S_0x557e90b600;
T_6 ;
    %wait E_0x557e938130;
    %load/vec4 v0x557e938350_0;
    %nor/r;
    %flag_set/vec4 8;
    %jmp/0xz  T_6.0, 8;
    %pushi/vec4 5, 0, 3;
    %assign/vec4 v0x557e938270_0, 0;
    %jmp T_6.1;
T_6.0 ;
    %load/vec4 v0x557e938270_0;
    %cmpi/e 0, 0, 3;
    %jmp/0xz  T_6.2, 4;
    %pushi/vec4 5, 0, 3;
    %assign/vec4 v0x557e938270_0, 0;
    %jmp T_6.3;
T_6.2 ;
    %load/vec4 v0x557e938270_0;
    %subi 1, 0, 3;
    %assign/vec4 v0x557e938270_0, 0;
T_6.3 ;
T_6.1 ;
    %jmp T_6;
    .thread T_6;
    .scope S_0x557e90b7e0;
T_7 ;
    %wait E_0x557e9384a0;
    %load/vec4 v0x557e938770_0;
    %flag_set/vec4 8;
    %jmp/0xz  T_7.0, 8;
    %pushi/vec4 0, 0, 1;
    %assign/vec4 v0x557e9385e0_0, 0;
    %jmp T_7.1;
T_7.0 ;
    %load/vec4 v0x557e9386a0_0;
    %assign/vec4 v0x557e9385e0_0, 0;
T_7.1 ;
    %jmp T_7;
    .thread T_7;
    .scope S_0x557e8d2cf0;
T_8 ;
    %wait E_0x557e9388b0;
    %load/vec4 v0x557e938d90_0;
    %flag_set/vec4 8;
    %jmp/0xz  T_8.0, 8;
    %pushi/vec4 0, 0, 3;
    %assign/vec4 v0x557e938c60_0, 0;
    %jmp T_8.1;
T_8.0 ;
    %load/vec4 v0x557e938ba0_0;
    %flag_set/vec4 8;
    %jmp/0xz  T_8.2, 8;
    %pushi/vec4 0, 0, 3;
    %assign/vec4 v0x557e938c60_0, 0;
    %jmp T_8.3;
T_8.2 ;
    %load/vec4 v0x557e938c60_0;
    %addi 1, 0, 3;
    %assign/vec4 v0x557e938c60_0, 0;
T_8.3 ;
T_8.1 ;
    %jmp T_8;
    .thread T_8;
    .scope S_0x557e8d2cf0;
T_9 ;
    %wait E_0x557e9388b0;
    %load/vec4 v0x557e938d90_0;
    %flag_set/vec4 8;
    %jmp/0xz  T_9.0, 8;
    %pushi/vec4 0, 0, 3;
    %assign/vec4 v0x557e938c60_0, 0;
    %jmp T_9.1;
T_9.0 ;
    %load/vec4 v0x557e938ba0_0;
    %flag_set/vec4 8;
    %jmp/0xz  T_9.2, 8;
    %load/vec4 v0x557e938ad0_0;
    %inv;
    %assign/vec4 v0x557e938ad0_0, 0;
T_9.2 ;
T_9.1 ;
    %jmp T_9;
    .thread T_9;
    .scope S_0x557e8d2ed0;
T_10 ;
    %wait E_0x557e938ed0;
    %load/vec4 v0x557e939270_0;
    %flag_set/vec4 8;
    %jmp/0xz  T_10.0, 8;
    %pushi/vec4 0, 0, 4;
    %assign/vec4 v0x557e939190_0, 0;
    %jmp T_10.1;
T_10.0 ;
    %load/vec4 v0x557e9390d0_0;
    %assign/vec4 v0x557e939190_0, 0;
T_10.1 ;
    %jmp T_10;
    .thread T_10;
    .scope S_0x557e918ca0;
T_11 ;
    %wait E_0x557e9394a0;
    %load/vec4 v0x557e939780_0;
    %flag_set/vec4 8;
    %jmp/0xz  T_11.0, 8;
    %pushi/vec4 0, 0, 3;
    %assign/vec4 v0x557e9396c0_0, 0;
    %jmp T_11.1;
T_11.0 ;
    %load/vec4 v0x557e9395e0_0;
    %assign/vec4 v0x557e9396c0_0, 0;
T_11.1 ;
    %jmp T_11;
    .thread T_11;
    .scope S_0x557e918ca0;
T_12 ;
    %wait E_0x557e939420;
    %load/vec4 v0x557e9396c0_0;
    %cmpi/e 5, 0, 3;
    %jmp/0xz  T_12.0, 4;
    %pushi/vec4 0, 0, 3;
    %store/vec4 v0x557e9395e0_0, 0, 3;
    %jmp T_12.1;
T_12.0 ;
    %load/vec4 v0x557e9396c0_0;
    %store/vec4 v0x557e9395e0_0, 0, 3;
T_12.1 ;
    %jmp T_12;
    .thread T_12, $push;
    .scope S_0x557e918e30;
T_13 ;
    %wait E_0x557e9398c0;
    %load/vec4 v0x557e939ae0_0;
    %flag_set/vec4 8;
    %jmp/0xz  T_13.0, 8;
    %pushi/vec4 0, 0, 3;
    %assign/vec4 v0x557e939a00_0, 0;
    %jmp T_13.1;
T_13.0 ;
    %load/vec4 v0x557e939a00_0;
    %cmpi/e 5, 0, 3;
    %jmp/0xz  T_13.2, 4;
    %pushi/vec4 0, 0, 3;
    %assign/vec4 v0x557e939a00_0, 0;
    %jmp T_13.3;
T_13.2 ;
    %load/vec4 v0x557e939a00_0;
    %addi 1, 0, 3;
    %assign/vec4 v0x557e939a00_0, 0;
T_13.3 ;
T_13.1 ;
    %jmp T_13;
    .thread T_13;
# The file index is used to find the file name in the following table.
:file_names 3;
    "N/A";
    "<interactive>";
    "logic.v";
